TN:
SF:server\controllers\AdminController.js
FN:4,getDashboardData
FN:21,getOrdersChart
FN:33,getSalesChart
FNF:3
FNH:3
FNDA:2,getDashboardData
FNDA:2,getOrdersChart
FNDA:2,getSalesChart
DA:1,1
DA:2,1
DA:3,1
DA:4,1
DA:5,2
DA:6,2
DA:7,1
DA:8,1
DA:9,1
DA:10,1
DA:11,1
DA:12,1
DA:13,1
DA:14,1
DA:15,1
DA:16,1
DA:17,1
DA:18,1
DA:19,2
DA:20,1
DA:21,1
DA:22,2
DA:23,2
DA:24,2
DA:25,2
DA:26,1
DA:27,1
DA:28,1
DA:29,1
DA:30,1
DA:31,2
DA:32,1
DA:33,1
DA:34,2
DA:35,2
DA:36,2
DA:37,2
DA:38,2
DA:39,2
DA:40,2
DA:41,1
DA:42,1
DA:43,1
DA:44,1
DA:45,1
DA:46,2
DA:47,1
DA:48,1
DA:49,1
LF:49
LH:49
BRDA:4,0,0,2
BRDA:6,1,0,1
BRDA:21,2,0,2
BRDA:25,3,0,1
BRDA:33,4,0,2
BRDA:40,5,0,1
BRF:6
BRH:6
end_of_record
TN:
SF:server\controllers\AuthenticationController.js
FN:8,signUp
FN:28,login
FN:66,profile
FN:70,editProfile
FN:101,getAllUsers
FN:110,getUserById
FN:122,deleteUser
FNF:7
FNH:6
FNDA:2,signUp
FNDA:1,login
FNDA:0,profile
FNDA:1,editProfile
FNDA:2,getAllUsers
FNDA:3,getUserById
FNDA:2,deleteUser
DA:1,1
DA:2,1
DA:3,1
DA:4,1
DA:5,1
DA:6,1
DA:7,1
DA:8,1
DA:9,2
DA:10,2
DA:11,2
DA:12,2
DA:13,2
DA:14,2
DA:15,2
DA:16,2
DA:17,2
DA:18,1
DA:19,1
DA:20,1
DA:21,1
DA:22,1
DA:23,1
DA:24,1
DA:25,1
DA:26,2
DA:27,1
DA:28,1
DA:29,1
DA:30,1
DA:31,1
DA:32,1
DA:33,1
DA:34,1
DA:35,0
DA:36,0
DA:37,1
DA:38,1
DA:39,1
DA:40,1
DA:41,1
DA:42,1
DA:43,0
DA:44,0
DA:45,1
DA:46,1
DA:47,1
DA:48,1
DA:49,1
DA:50,1
DA:51,1
DA:52,1
DA:53,1
DA:54,1
DA:55,1
DA:56,1
DA:57,1
DA:58,1
DA:59,1
DA:60,1
DA:61,1
DA:62,0
DA:63,0
DA:64,1
DA:65,1
DA:66,1
DA:67,0
DA:68,0
DA:69,1
DA:70,1
DA:71,1
DA:72,1
DA:73,1
DA:74,1
DA:75,1
DA:76,1
DA:77,1
DA:78,1
DA:79,1
DA:80,1
DA:81,1
DA:82,1
DA:83,0
DA:84,0
DA:85,0
DA:86,0
DA:87,0
DA:88,0
DA:89,0
DA:90,0
DA:91,0
DA:92,0
DA:93,0
DA:94,0
DA:95,0
DA:96,1
DA:97,1
DA:98,1
DA:99,1
DA:100,1
DA:101,1
DA:102,2
DA:103,2
DA:104,1
DA:105,1
DA:106,1
DA:107,1
DA:108,2
DA:109,1
DA:110,1
DA:111,3
DA:112,3
DA:113,3
DA:114,1
DA:115,1
DA:116,2
DA:117,3
DA:118,1
DA:119,1
DA:120,3
DA:121,1
DA:122,1
DA:123,2
DA:124,2
DA:125,1
DA:126,1
DA:127,1
DA:128,1
DA:129,2
DA:130,1
DA:131,1
DA:132,1
DA:133,1
DA:134,1
DA:135,1
DA:136,1
DA:137,1
DA:138,1
DA:139,1
LF:139
LH:118
BRDA:8,0,0,2
BRDA:17,1,0,1
BRDA:28,2,0,1
BRDA:34,3,0,0
BRDA:42,4,0,0
BRDA:61,5,0,0
BRDA:70,6,0,1
BRDA:82,7,0,0
BRDA:101,8,0,2
BRDA:103,9,0,1
BRDA:110,10,0,3
BRDA:112,11,0,2
BRDA:113,12,0,1
BRDA:115,13,0,2
BRDA:117,14,0,1
BRDA:122,15,0,2
BRDA:124,16,0,1
BRF:17
BRH:13
end_of_record
TN:
SF:server\controllers\OrderController.js
FN:5,getAllOrders
FN:14,getOrderById
FN:26,createOrder
FN:56,updateOrder
FN:84,updateOrderStatus
FN:98,deleteOrder
FNF:6
FNH:6
FNDA:2,getAllOrders
FNDA:3,getOrderById
FNDA:3,createOrder
FNDA:3,updateOrder
FNDA:2,updateOrderStatus
FNDA:2,deleteOrder
DA:1,1
DA:2,1
DA:3,1
DA:4,1
DA:5,1
DA:6,2
DA:7,2
DA:8,1
DA:9,1
DA:10,1
DA:11,1
DA:12,2
DA:13,1
DA:14,1
DA:15,3
DA:16,3
DA:17,3
DA:18,1
DA:19,1
DA:20,2
DA:21,3
DA:22,1
DA:23,1
DA:24,3
DA:25,1
DA:26,1
DA:27,3
DA:28,3
DA:29,3
DA:30,3
DA:31,3
DA:32,1
DA:33,1
DA:34,1
DA:35,1
DA:36,1
DA:37,1
DA:38,1
DA:39,1
DA:40,1
DA:41,1
DA:42,1
DA:43,1
DA:44,1
DA:45,1
DA:46,1
DA:47,1
DA:48,1
DA:49,1
DA:50,1
DA:51,1
DA:52,1
DA:53,1
DA:54,3
DA:55,1
DA:56,1
DA:57,3
DA:58,3
DA:59,3
DA:60,3
DA:61,3
DA:62,1
DA:63,1
DA:64,2
DA:65,2
DA:66,2
DA:67,2
DA:68,2
DA:69,2
DA:70,2
DA:71,2
DA:72,2
DA:73,2
DA:74,2
DA:75,1
DA:76,1
DA:77,1
DA:78,1
DA:79,1
DA:80,1
DA:81,1
DA:82,3
DA:83,1
DA:84,1
DA:85,2
DA:86,2
DA:87,2
DA:88,2
DA:89,1
DA:90,1
DA:91,1
DA:92,1
DA:93,1
DA:94,1
DA:95,1
DA:96,2
DA:97,1
DA:98,1
DA:99,2
DA:100,2
DA:101,1
DA:102,1
DA:103,1
DA:104,1
DA:105,1
DA:106,1
DA:107,1
DA:108,1
DA:109,2
DA:110,1
DA:111,1
DA:112,1
LF:112
LH:112
BRDA:5,0,0,2
BRDA:7,1,0,1
BRDA:14,2,0,3
BRDA:16,3,0,2
BRDA:17,4,0,1
BRDA:19,5,0,2
BRDA:21,6,0,1
BRDA:26,7,0,3
BRDA:30,8,0,2
BRDA:31,9,0,1
BRDA:56,10,0,3
BRDA:61,11,0,1
BRDA:63,12,0,2
BRDA:74,13,0,1
BRDA:84,14,0,2
BRDA:88,15,0,1
BRDA:98,16,0,2
BRDA:100,17,0,1
BRF:18
BRH:18
end_of_record
TN:
SF:server\controllers\ProductController.js
FN:6,getAllProducts
FN:15,getProductById
FN:29,createProduct
FN:60,updateProduct
FN:89,deleteProduct
FNF:5
FNH:5
FNDA:2,getAllProducts
FNDA:3,getProductById
FNDA:2,createProduct
FNDA:2,updateProduct
FNDA:2,deleteProduct
DA:1,1
DA:2,1
DA:3,1
DA:4,1
DA:5,1
DA:6,1
DA:7,2
DA:8,2
DA:9,1
DA:10,1
DA:11,1
DA:12,1
DA:13,2
DA:14,1
DA:15,1
DA:16,3
DA:17,3
DA:18,3
DA:19,1
DA:20,1
DA:21,1
DA:22,1
DA:23,2
DA:24,3
DA:25,1
DA:26,1
DA:27,3
DA:28,1
DA:29,1
DA:30,2
DA:31,2
DA:32,2
DA:33,2
DA:34,2
DA:35,2
DA:36,2
DA:37,2
DA:38,2
DA:39,2
DA:40,2
DA:41,2
DA:42,2
DA:43,2
DA:44,2
DA:45,2
DA:46,2
DA:47,2
DA:48,2
DA:49,1
DA:50,1
DA:51,1
DA:52,1
DA:53,1
DA:54,1
DA:55,1
DA:56,1
DA:57,1
DA:58,2
DA:59,1
DA:60,1
DA:61,2
DA:62,2
DA:63,2
DA:64,2
DA:65,2
DA:66,2
DA:67,2
DA:68,2
DA:69,2
DA:70,2
DA:71,2
DA:72,2
DA:73,2
DA:74,2
DA:75,2
DA:76,2
DA:77,2
DA:78,2
DA:79,2
DA:80,1
DA:81,1
DA:82,1
DA:83,1
DA:84,1
DA:85,1
DA:86,1
DA:87,2
DA:88,1
DA:89,1
DA:90,2
DA:91,2
DA:92,1
DA:93,1
DA:94,1
DA:95,1
DA:96,1
DA:97,1
DA:98,2
DA:99,1
DA:100,1
DA:101,1
LF:101
LH:101
BRDA:6,0,0,2
BRDA:8,1,0,1
BRDA:15,2,0,3
BRDA:17,3,0,2
BRDA:18,4,0,1
BRDA:22,5,0,2
BRDA:24,6,0,1
BRDA:29,7,0,2
BRDA:48,8,0,1
BRDA:60,9,0,2
BRDA:79,10,0,1
BRDA:89,11,0,2
BRDA:91,12,0,1
BRF:13
BRH:13
end_of_record
